This file contains any messages produced by compilers while
running configure, to aid debugging if configure makes a mistake.

It was created by acpi configure 1.7, which was
generated by GNU Autoconf 2.69.  Invocation command line was

  $ ./configure --prefix=/usr

## --------- ##
## Platform. ##
## --------- ##

hostname = void
uname -m = x86_64
uname -r = 6.2.11_1
uname -s = Linux
uname -v = #1 SMP PREEMPT_DYNAMIC Fri Apr 14 17:40:57 UTC 2023

/usr/bin/uname -p = unknown
/bin/uname -X     = unknown

/bin/arch              = x86_64
/usr/bin/arch -k       = unknown
/usr/convex/getsysinfo = unknown
/usr/bin/hostinfo      = unknown
/bin/machine           = unknown
/usr/bin/oslevel       = unknown
/bin/universe          = unknown

PATH: /usr/bin
PATH: /bin
PATH: /usr/sbin
PATH: /sbin
PATH: /usr/local/sbin
PATH: /usr/local/bin


## ----------- ##
## Core tests. ##
## ----------- ##

configure:1913: checking for a BSD-compatible install
configure:1981: result: /usr/bin/install -c
configure:1992: checking whether build environment is sane
configure:2047: result: yes
configure:2198: checking for a thread-safe mkdir -p
configure:2237: result: /usr/bin/mkdir -p
configure:2244: checking for gawk
configure:2260: found /usr/bin/gawk
configure:2271: result: gawk
configure:2282: checking whether make sets $(MAKE)
configure:2304: result: yes
configure:2333: checking whether make supports nested variables
configure:2350: result: yes
configure:2525: checking for gcc
configure:2541: found /usr/bin/gcc
configure:2552: result: gcc
configure:2781: checking for C compiler version
configure:2790: gcc --version >&5
gcc (GCC) 12.2.0
Copyright (C) 2022 Free Software Foundation, Inc.
This is free software; see the source for copying conditions.  There is NO
warranty; not even for MERCHANTABILITY or FITNESS FOR A PARTICULAR PURPOSE.

configure:2801: $? = 0
configure:2790: gcc -v >&5
Using built-in specs.
COLLECT_GCC=gcc
COLLECT_LTO_WRAPPER=/usr/lib64/gcc/x86_64-unknown-linux-gnu/12.2.0/lto-wrapper
Target: x86_64-unknown-linux-gnu
Configured with: /builddir/gcc-12.2.0/configure --build=x86_64-unknown-linux-gnu --enable-gnu-unique-object --enable-vtable-verify --prefix=/usr --mandir=/usr/share/man --infodir=/usr/share/info --libexecdir=/usr/lib64 --libdir=/usr/lib64 --enable-threads=posix --enable-__cxa_atexit --disable-multilib --with-system-zlib --enable-shared --enable-lto --enable-plugins --enable-linker-build-id --disable-werror --disable-nls --enable-default-pie --enable-default-ssp --enable-checking=release --disable-libstdcxx-pch --with-isl --with-linker-hash-style=gnu --disable-sjlj-exceptions --disable-target-libiberty --disable-libssp --enable-languages=c,c++,objc,obj-c++,fortran,lto,go,ada
Thread model: posix
Supported LTO compression algorithms: zlib zstd
gcc version 12.2.0 (GCC) 
configure:2801: $? = 0
configure:2790: gcc -V >&5
gcc: error: unrecognized command-line option '-V'
gcc: fatal error: no input files
compilation terminated.
configure:2801: $? = 1
configure:2790: gcc -qversion >&5
gcc: error: unrecognized command-line option '-qversion'; did you mean '--version'?
gcc: fatal error: no input files
compilation terminated.
configure:2801: $? = 1
configure:2821: checking whether the C compiler works
configure:2843: gcc    conftest.c  >&5
configure:2847: $? = 0
configure:2895: result: yes
configure:2898: checking for C compiler default output file name
configure:2900: result: a.out
configure:2906: checking for suffix of executables
configure:2913: gcc -o conftest    conftest.c  >&5
configure:2917: $? = 0
configure:2939: result: 
configure:2961: checking whether we are cross compiling
configure:2969: gcc -o conftest    conftest.c  >&5
configure:2973: $? = 0
configure:2980: ./conftest
configure:2984: $? = 0
configure:2999: result: no
configure:3004: checking for suffix of object files
configure:3026: gcc -c   conftest.c >&5
configure:3030: $? = 0
configure:3051: result: o
configure:3055: checking whether we are using the GNU C compiler
configure:3074: gcc -c   conftest.c >&5
configure:3074: $? = 0
configure:3083: result: yes
configure:3092: checking whether gcc accepts -g
configure:3112: gcc -c -g  conftest.c >&5
configure:3112: $? = 0
configure:3153: result: yes
configure:3170: checking for gcc option to accept ISO C89
configure:3233: gcc  -c -g -O2  conftest.c >&5
configure:3233: $? = 0
configure:3246: result: none needed
configure:3271: checking whether gcc understands -c and -o together
configure:3293: gcc -c conftest.c -o conftest2.o
configure:3296: $? = 0
configure:3293: gcc -c conftest.c -o conftest2.o
configure:3296: $? = 0
configure:3308: result: yes
configure:3336: checking for style of include used by make
configure:3364: result: GNU
configure:3390: checking dependency style of gcc
configure:3501: result: gcc3
configure:3522: checking how to run the C preprocessor
configure:3553: gcc -E  conftest.c
configure:3553: $? = 0
configure:3567: gcc -E  conftest.c
conftest.c:11:10: fatal error: ac_nonexistent.h: No such file or directory
   11 | #include <ac_nonexistent.h>
      |          ^~~~~~~~~~~~~~~~~~
compilation terminated.
configure:3567: $? = 1
configure: failed program was:
| /* confdefs.h */
| #define PACKAGE_NAME "acpi"
| #define PACKAGE_TARNAME "acpi"
| #define PACKAGE_VERSION "1.7"
| #define PACKAGE_STRING "acpi 1.7"
| #define PACKAGE_BUGREPORT ""
| #define PACKAGE_URL ""
| #define PACKAGE "acpi"
| #define VERSION "1.7"
| /* end confdefs.h.  */
| #include <ac_nonexistent.h>
configure:3592: result: gcc -E
configure:3612: gcc -E  conftest.c
configure:3612: $? = 0
configure:3626: gcc -E  conftest.c
conftest.c:11:10: fatal error: ac_nonexistent.h: No such file or directory
   11 | #include <ac_nonexistent.h>
      |          ^~~~~~~~~~~~~~~~~~
compilation terminated.
configure:3626: $? = 1
configure: failed program was:
| /* confdefs.h */
| #define PACKAGE_NAME "acpi"
| #define PACKAGE_TARNAME "acpi"
| #define PACKAGE_VERSION "1.7"
| #define PACKAGE_STRING "acpi 1.7"
| #define PACKAGE_BUGREPORT ""
| #define PACKAGE_URL ""
| #define PACKAGE "acpi"
| #define VERSION "1.7"
| /* end confdefs.h.  */
| #include <ac_nonexistent.h>
configure:3655: checking for grep that handles long lines and -e
configure:3713: result: /usr/bin/grep
configure:3718: checking for egrep
configure:3780: result: /usr/bin/grep -E
configure:3785: checking for ANSI C header files
configure:3805: gcc -c -g -O2  conftest.c >&5
configure:3805: $? = 0
configure:3878: gcc -o conftest -g -O2   conftest.c  >&5
configure:3878: $? = 0
configure:3878: ./conftest
configure:3878: $? = 0
configure:3889: result: yes
configure:4003: checking that generated files are newer than configure
configure:4009: result: done
configure:4032: creating ./config.status

## ---------------------- ##
## Running config.status. ##
## ---------------------- ##

This file was extended by acpi config.status 1.7, which was
generated by GNU Autoconf 2.69.  Invocation command line was

  CONFIG_FILES    = 
  CONFIG_HEADERS  = 
  CONFIG_LINKS    = 
  CONFIG_COMMANDS = 
  $ ./config.status 

on void

config.status:843: creating Makefile
config.status:843: creating config.h
config.status:1024: config.h is unchanged
config.status:1072: executing depfiles commands

## ---------------- ##
## Cache variables. ##
## ---------------- ##

ac_cv_c_compiler_gnu=yes
ac_cv_env_CC_set=
ac_cv_env_CC_value=
ac_cv_env_CFLAGS_set=
ac_cv_env_CFLAGS_value=
ac_cv_env_CPPFLAGS_set=
ac_cv_env_CPPFLAGS_value=
ac_cv_env_CPP_set=
ac_cv_env_CPP_value=
ac_cv_env_LDFLAGS_set=
ac_cv_env_LDFLAGS_value=
ac_cv_env_LIBS_set=
ac_cv_env_LIBS_value=
ac_cv_env_build_alias_set=
ac_cv_env_build_alias_value=
ac_cv_env_host_alias_set=
ac_cv_env_host_alias_value=
ac_cv_env_target_alias_set=
ac_cv_env_target_alias_value=
ac_cv_header_stdc=yes
ac_cv_objext=o
ac_cv_path_EGREP='/usr/bin/grep -E'
ac_cv_path_GREP=/usr/bin/grep
ac_cv_path_install='/usr/bin/install -c'
ac_cv_path_mkdir=/usr/bin/mkdir
ac_cv_prog_AWK=gawk
ac_cv_prog_CPP='gcc -E'
ac_cv_prog_ac_ct_CC=gcc
ac_cv_prog_cc_c89=
ac_cv_prog_cc_g=yes
ac_cv_prog_make_make_set=yes
am_cv_CC_dependencies_compiler_type=gcc3
am_cv_make_support_nested_variables=yes
am_cv_prog_cc_c_o=yes

## ----------------- ##
## Output variables. ##
## ----------------- ##

ACLOCAL='${SHELL} /opt/build/acpi-1.7/missing aclocal-1.14'
AMDEPBACKSLASH='\'
AMDEP_FALSE='#'
AMDEP_TRUE=''
AMTAR='$${TAR-tar}'
AM_BACKSLASH='\'
AM_DEFAULT_V='$(AM_DEFAULT_VERBOSITY)'
AM_DEFAULT_VERBOSITY='1'
AM_V='$(V)'
AUTOCONF='${SHELL} /opt/build/acpi-1.7/missing autoconf'
AUTOHEADER='${SHELL} /opt/build/acpi-1.7/missing autoheader'
AUTOMAKE='${SHELL} /opt/build/acpi-1.7/missing automake-1.14'
AWK='gawk'
CC='gcc'
CCDEPMODE='depmode=gcc3'
CFLAGS='-g -O2'
CPP='gcc -E'
CPPFLAGS=''
CYGPATH_W='echo'
DEFS='-DHAVE_CONFIG_H'
DEPDIR='.deps'
ECHO_C=''
ECHO_N='-n'
ECHO_T=''
EGREP='/usr/bin/grep -E'
EXEEXT=''
GREP='/usr/bin/grep'
INSTALL_DATA='${INSTALL} -m 644'
INSTALL_PROGRAM='${INSTALL}'
INSTALL_SCRIPT='${INSTALL}'
INSTALL_STRIP_PROGRAM='$(install_sh) -c -s'
LDFLAGS=''
LIBOBJS=''
LIBS=''
LTLIBOBJS=''
MAKEINFO='${SHELL} /opt/build/acpi-1.7/missing makeinfo'
MKDIR_P='/usr/bin/mkdir -p'
OBJEXT='o'
PACKAGE='acpi'
PACKAGE_BUGREPORT=''
PACKAGE_NAME='acpi'
PACKAGE_STRING='acpi 1.7'
PACKAGE_TARNAME='acpi'
PACKAGE_URL=''
PACKAGE_VERSION='1.7'
PATH_SEPARATOR=':'
SET_MAKE=''
SHELL='/bin/sh'
STRIP=''
VERSION='1.7'
ac_ct_CC='gcc'
am__EXEEXT_FALSE=''
am__EXEEXT_TRUE='#'
am__fastdepCC_FALSE='#'
am__fastdepCC_TRUE=''
am__include='include'
am__isrc=''
am__leading_dot='.'
am__nodep='_no'
am__quote=''
am__tar='$${TAR-tar} chof - "$$tardir"'
am__untar='$${TAR-tar} xf -'
bindir='${exec_prefix}/bin'
build_alias=''
datadir='${datarootdir}'
datarootdir='${prefix}/share'
docdir='${datarootdir}/doc/${PACKAGE_TARNAME}'
dvidir='${docdir}'
exec_prefix='${prefix}'
host_alias=''
htmldir='${docdir}'
includedir='${prefix}/include'
infodir='${datarootdir}/info'
install_sh='${SHELL} /opt/build/acpi-1.7/install-sh'
libdir='${exec_prefix}/lib'
libexecdir='${exec_prefix}/libexec'
localedir='${datarootdir}/locale'
localstatedir='${prefix}/var'
mandir='${datarootdir}/man'
mkdir_p='$(MKDIR_P)'
oldincludedir='/usr/include'
pdfdir='${docdir}'
prefix='/usr'
program_transform_name='s,x,x,'
psdir='${docdir}'
sbindir='${exec_prefix}/sbin'
sharedstatedir='${prefix}/com'
sysconfdir='${prefix}/etc'
target_alias=''

## ----------- ##
## confdefs.h. ##
## ----------- ##

/* confdefs.h */
#define PACKAGE_NAME "acpi"
#define PACKAGE_TARNAME "acpi"
#define PACKAGE_VERSION "1.7"
#define PACKAGE_STRING "acpi 1.7"
#define PACKAGE_BUGREPORT ""
#define PACKAGE_URL ""
#define PACKAGE "acpi"
#define VERSION "1.7"
#define STDC_HEADERS 1

configure: exit 0
